<?xml version="1.0" encoding="UTF-8"?>
<testng-results skipped="0" failed="0" ignored="0" total="1" passed="1">
  <reporter-output>
  </reporter-output>
  <suite name="Surefire suite" duration-ms="27" started-at="2019-02-15T14:39:39 EST" finished-at="2019-02-15T14:39:39 EST">
    <groups>
    </groups>
    <test name="Surefire test" duration-ms="27" started-at="2019-02-15T14:39:39 EST" finished-at="2019-02-15T14:39:39 EST">
      <class name="com.herokuapp.test.selenium_for_beginners.AppTest">
        <test-method status="PASS" signature="testApp()[pri:0, instance:testApp(com.herokuapp.test.selenium_for_beginners.AppTest)]" name="testApp" duration-ms="3" started-at="2019-02-15T14:39:39 EST" finished-at="2019-02-15T14:39:39 EST">
          <reporter-output>
          </reporter-output>
        </test-method> <!-- testApp -->
      </class> <!-- com.herokuapp.test.selenium_for_beginners.AppTest -->
    </test> <!-- Surefire test -->
  </suite> <!-- Surefire suite -->
</testng-results>
